<?xml version="1.0" encoding="UTF-8"?>
<!-- Generated by org.testng.reporters.JUnitReportReporter -->
<testsuite hostname="Jimmys-MacBook-Pro.local" failures="0" tests="8" name="loginTest" time="151.878" errors="0" timestamp="2020-07-03T13:54:14 CST" skipped="0">
  <testcase classname="loginTest" name="allow_user_to_register" time="22.876"/>
  <system-out/>
  <testcase classname="loginTest" name="verify_product_price_onGBP" time="26.218"/>
  <system-out/>
  <testcase classname="loginTest" name="allow_user_to_do_login" time="16.296"/>
  <system-out/>
  <testcase classname="loginTest" name="allow_user_to_add_product_to_cart" time="9.450"/>
  <system-out/>
  <testcase classname="loginTest" name="verify_user_cannot_add_product_to_cart" time="9.640"/>
  <system-out/>
  <testcase classname="loginTest" name="verify_product_price_onUSD" time="26.840"/>
  <system-out/>
  <testcase classname="loginTest" name="fail_user_login" time="13.854"/>
  <system-out/>
  <testcase classname="loginTest" name="verify_product_price_onEUR" time="26.704"/>
  <system-out/>
</testsuite> <!-- loginTest -->
